[0.163s] DEBUG:colcon:Command line arguments: ['/usr/bin/colcon', 'build']
[0.164s] DEBUG:colcon:Parsed command line arguments: Namespace(log_base=None, log_level=None, verb_name='build', build_base='build', install_base='install', merge_install=False, symlink_install=False, test_result_base=None, continue_on_error=False, executor='parallel', parallel_workers=8, event_handlers=None, ignore_user_meta=False, metas=['./colcon.meta'], base_paths=['.'], packages_ignore=None, packages_ignore_regex=None, paths=None, packages_up_to=None, packages_up_to_regex=None, packages_above=None, packages_above_and_dependencies=None, packages_above_depth=None, packages_select_by_dep=None, packages_skip_by_dep=None, packages_skip_up_to=None, packages_select_build_failed=False, packages_skip_build_finished=False, packages_select_test_failures=False, packages_skip_test_passed=False, packages_select=None, packages_skip=None, packages_select_regex=None, packages_skip_regex=None, packages_start=None, packages_end=None, allow_overriding=[], cmake_args=None, cmake_target=None, cmake_target_skip_unavailable=False, cmake_clean_cache=False, cmake_clean_first=False, cmake_force_configure=False, ament_cmake_args=None, catkin_cmake_args=None, catkin_skip_building_tests=False, mixin_files=None, mixin=None, verb_parser=<colcon_mixin.mixin.mixin_argument.MixinArgumentDecorator object at 0x71af7df125c0>, verb_extension=<colcon_core.verb.build.BuildVerb object at 0x71af7df12050>, main=<bound method BuildVerb.main of <colcon_core.verb.build.BuildVerb object at 0x71af7df12050>>, mixin_verb=('build',))
[0.332s] Level 1:colcon.colcon_core.package_discovery:discover_packages(colcon_meta) check parameters
[0.332s] Level 1:colcon.colcon_core.package_discovery:discover_packages(recursive) check parameters
[0.332s] Level 1:colcon.colcon_core.package_discovery:discover_packages(ignore) check parameters
[0.332s] Level 1:colcon.colcon_core.package_discovery:discover_packages(path) check parameters
[0.332s] Level 1:colcon.colcon_core.package_discovery:discover_packages(colcon_meta) discover
[0.332s] Level 1:colcon.colcon_core.package_discovery:discover_packages(recursive) discover
[0.332s] INFO:colcon.colcon_core.package_discovery:Crawling recursively for packages in '/home/arham/mecanum_drive_2'
[0.332s] Level 1:colcon.colcon_core.package_identification:_identify(.) by extensions ['ignore', 'ignore_ament_install']
[0.332s] Level 1:colcon.colcon_core.package_identification:_identify(.) by extension 'ignore'
[0.332s] Level 1:colcon.colcon_core.package_identification:_identify(.) by extension 'ignore_ament_install'
[0.332s] Level 1:colcon.colcon_core.package_identification:_identify(.) by extensions ['colcon_pkg']
[0.332s] Level 1:colcon.colcon_core.package_identification:_identify(.) by extension 'colcon_pkg'
[0.332s] Level 1:colcon.colcon_core.package_identification:_identify(.) by extensions ['colcon_meta']
[0.332s] Level 1:colcon.colcon_core.package_identification:_identify(.) by extension 'colcon_meta'
[0.333s] Level 1:colcon.colcon_core.package_identification:_identify(.) by extensions ['ros']
[0.333s] Level 1:colcon.colcon_core.package_identification:_identify(.) by extension 'ros'
[0.342s] Level 1:colcon.colcon_core.package_identification:_identify(.) by extensions ['cmake', 'python']
[0.342s] Level 1:colcon.colcon_core.package_identification:_identify(.) by extension 'cmake'
[0.342s] Level 1:colcon.colcon_core.package_identification:_identify(.) by extension 'python'
[0.342s] Level 1:colcon.colcon_core.package_identification:_identify(.) by extensions ['python_setup_py']
[0.342s] Level 1:colcon.colcon_core.package_identification:_identify(.) by extension 'python_setup_py'
[0.342s] Level 1:colcon.colcon_core.package_identification:_identify(build) by extensions ['ignore', 'ignore_ament_install']
[0.342s] Level 1:colcon.colcon_core.package_identification:_identify(build) by extension 'ignore'
[0.342s] Level 1:colcon.colcon_core.package_identification:_identify(build) ignored
[0.342s] Level 1:colcon.colcon_core.package_identification:_identify(config) by extensions ['ignore', 'ignore_ament_install']
[0.342s] Level 1:colcon.colcon_core.package_identification:_identify(config) by extension 'ignore'
[0.342s] Level 1:colcon.colcon_core.package_identification:_identify(config) by extension 'ignore_ament_install'
[0.342s] Level 1:colcon.colcon_core.package_identification:_identify(config) by extensions ['colcon_pkg']
[0.342s] Level 1:colcon.colcon_core.package_identification:_identify(config) by extension 'colcon_pkg'
[0.342s] Level 1:colcon.colcon_core.package_identification:_identify(config) by extensions ['colcon_meta']
[0.342s] Level 1:colcon.colcon_core.package_identification:_identify(config) by extension 'colcon_meta'
[0.342s] Level 1:colcon.colcon_core.package_identification:_identify(config) by extensions ['ros']
[0.343s] Level 1:colcon.colcon_core.package_identification:_identify(config) by extension 'ros'
[0.343s] Level 1:colcon.colcon_core.package_identification:_identify(config) by extensions ['cmake', 'python']
[0.343s] Level 1:colcon.colcon_core.package_identification:_identify(config) by extension 'cmake'
[0.343s] Level 1:colcon.colcon_core.package_identification:_identify(config) by extension 'python'
[0.343s] Level 1:colcon.colcon_core.package_identification:_identify(config) by extensions ['python_setup_py']
[0.343s] Level 1:colcon.colcon_core.package_identification:_identify(config) by extension 'python_setup_py'
[0.343s] Level 1:colcon.colcon_core.package_identification:_identify(install) by extensions ['ignore', 'ignore_ament_install']
[0.343s] Level 1:colcon.colcon_core.package_identification:_identify(install) by extension 'ignore'
[0.343s] Level 1:colcon.colcon_core.package_identification:_identify(install) ignored
[0.343s] Level 1:colcon.colcon_core.package_identification:_identify(log) by extensions ['ignore', 'ignore_ament_install']
[0.343s] Level 1:colcon.colcon_core.package_identification:_identify(log) by extension 'ignore'
[0.343s] Level 1:colcon.colcon_core.package_identification:_identify(log) ignored
[0.343s] Level 1:colcon.colcon_core.package_identification:_identify(maps) by extensions ['ignore', 'ignore_ament_install']
[0.343s] Level 1:colcon.colcon_core.package_identification:_identify(maps) by extension 'ignore'
[0.343s] Level 1:colcon.colcon_core.package_identification:_identify(maps) by extension 'ignore_ament_install'
[0.343s] Level 1:colcon.colcon_core.package_identification:_identify(maps) by extensions ['colcon_pkg']
[0.343s] Level 1:colcon.colcon_core.package_identification:_identify(maps) by extension 'colcon_pkg'
[0.343s] Level 1:colcon.colcon_core.package_identification:_identify(maps) by extensions ['colcon_meta']
[0.343s] Level 1:colcon.colcon_core.package_identification:_identify(maps) by extension 'colcon_meta'
[0.343s] Level 1:colcon.colcon_core.package_identification:_identify(maps) by extensions ['ros']
[0.343s] Level 1:colcon.colcon_core.package_identification:_identify(maps) by extension 'ros'
[0.343s] Level 1:colcon.colcon_core.package_identification:_identify(maps) by extensions ['cmake', 'python']
[0.343s] Level 1:colcon.colcon_core.package_identification:_identify(maps) by extension 'cmake'
[0.343s] Level 1:colcon.colcon_core.package_identification:_identify(maps) by extension 'python'
[0.343s] Level 1:colcon.colcon_core.package_identification:_identify(maps) by extensions ['python_setup_py']
[0.343s] Level 1:colcon.colcon_core.package_identification:_identify(maps) by extension 'python_setup_py'
[0.343s] Level 1:colcon.colcon_core.package_identification:_identify(src) by extensions ['ignore', 'ignore_ament_install']
[0.343s] Level 1:colcon.colcon_core.package_identification:_identify(src) by extension 'ignore'
[0.343s] Level 1:colcon.colcon_core.package_identification:_identify(src) by extension 'ignore_ament_install'
[0.344s] Level 1:colcon.colcon_core.package_identification:_identify(src) by extensions ['colcon_pkg']
[0.344s] Level 1:colcon.colcon_core.package_identification:_identify(src) by extension 'colcon_pkg'
[0.344s] Level 1:colcon.colcon_core.package_identification:_identify(src) by extensions ['colcon_meta']
[0.344s] Level 1:colcon.colcon_core.package_identification:_identify(src) by extension 'colcon_meta'
[0.344s] Level 1:colcon.colcon_core.package_identification:_identify(src) by extensions ['ros']
[0.344s] Level 1:colcon.colcon_core.package_identification:_identify(src) by extension 'ros'
[0.344s] Level 1:colcon.colcon_core.package_identification:_identify(src) by extensions ['cmake', 'python']
[0.344s] Level 1:colcon.colcon_core.package_identification:_identify(src) by extension 'cmake'
[0.344s] Level 1:colcon.colcon_core.package_identification:_identify(src) by extension 'python'
[0.344s] Level 1:colcon.colcon_core.package_identification:_identify(src) by extensions ['python_setup_py']
[0.344s] Level 1:colcon.colcon_core.package_identification:_identify(src) by extension 'python_setup_py'
[0.344s] Level 1:colcon.colcon_core.package_identification:_identify(src/mecanum_drive) by extensions ['ignore', 'ignore_ament_install']
[0.344s] Level 1:colcon.colcon_core.package_identification:_identify(src/mecanum_drive) by extension 'ignore'
[0.344s] Level 1:colcon.colcon_core.package_identification:_identify(src/mecanum_drive) by extension 'ignore_ament_install'
[0.344s] Level 1:colcon.colcon_core.package_identification:_identify(src/mecanum_drive) by extensions ['colcon_pkg']
[0.344s] Level 1:colcon.colcon_core.package_identification:_identify(src/mecanum_drive) by extension 'colcon_pkg'
[0.344s] Level 1:colcon.colcon_core.package_identification:_identify(src/mecanum_drive) by extensions ['colcon_meta']
[0.344s] Level 1:colcon.colcon_core.package_identification:_identify(src/mecanum_drive) by extension 'colcon_meta'
[0.344s] Level 1:colcon.colcon_core.package_identification:_identify(src/mecanum_drive) by extensions ['ros']
[0.344s] Level 1:colcon.colcon_core.package_identification:_identify(src/mecanum_drive) by extension 'ros'
[0.347s] DEBUG:colcon.colcon_core.package_identification:Package 'src/mecanum_drive' with type 'ros.ament_cmake' and name 'mecanum_drive'
[0.347s] Level 1:colcon.colcon_core.package_identification:_identify(src/robot_hardware_interface) by extensions ['ignore', 'ignore_ament_install']
[0.347s] Level 1:colcon.colcon_core.package_identification:_identify(src/robot_hardware_interface) by extension 'ignore'
[0.347s] Level 1:colcon.colcon_core.package_identification:_identify(src/robot_hardware_interface) by extension 'ignore_ament_install'
[0.347s] Level 1:colcon.colcon_core.package_identification:_identify(src/robot_hardware_interface) by extensions ['colcon_pkg']
[0.347s] Level 1:colcon.colcon_core.package_identification:_identify(src/robot_hardware_interface) by extension 'colcon_pkg'
[0.347s] Level 1:colcon.colcon_core.package_identification:_identify(src/robot_hardware_interface) by extensions ['colcon_meta']
[0.347s] Level 1:colcon.colcon_core.package_identification:_identify(src/robot_hardware_interface) by extension 'colcon_meta'
[0.347s] Level 1:colcon.colcon_core.package_identification:_identify(src/robot_hardware_interface) by extensions ['ros']
[0.347s] Level 1:colcon.colcon_core.package_identification:_identify(src/robot_hardware_interface) by extension 'ros'
[0.348s] DEBUG:colcon.colcon_core.package_identification:Package 'src/robot_hardware_interface' with type 'ros.ament_cmake' and name 'robot_hardware_interface'
[0.348s] Level 1:colcon.colcon_core.package_discovery:discover_packages(recursive) using defaults
[0.348s] Level 1:colcon.colcon_core.package_discovery:discover_packages(ignore) discover
[0.348s] Level 1:colcon.colcon_core.package_discovery:discover_packages(ignore) using defaults
[0.348s] Level 1:colcon.colcon_core.package_discovery:discover_packages(path) discover
[0.348s] Level 1:colcon.colcon_core.package_discovery:discover_packages(path) using defaults
[0.375s] Level 1:colcon.colcon_core.package_discovery:discover_packages(prefix_path) check parameters
[0.375s] Level 1:colcon.colcon_core.package_discovery:discover_packages(prefix_path) discover
[0.377s] DEBUG:colcon.colcon_installed_package_information.package_discovery:Found 2 installed packages in /home/arham/mecanum_drive_2/install
[0.378s] DEBUG:colcon.colcon_installed_package_information.package_discovery:Found 413 installed packages in /opt/ros/humble
[0.379s] Level 1:colcon.colcon_core.package_discovery:discover_packages(prefix_path) using defaults
[0.412s] Level 5:colcon.colcon_core.verb:set package 'mecanum_drive' build argument 'cmake_args' from command line to 'None'
[0.413s] Level 5:colcon.colcon_core.verb:set package 'mecanum_drive' build argument 'cmake_target' from command line to 'None'
[0.413s] Level 5:colcon.colcon_core.verb:set package 'mecanum_drive' build argument 'cmake_target_skip_unavailable' from command line to 'False'
[0.413s] Level 5:colcon.colcon_core.verb:set package 'mecanum_drive' build argument 'cmake_clean_cache' from command line to 'False'
[0.413s] Level 5:colcon.colcon_core.verb:set package 'mecanum_drive' build argument 'cmake_clean_first' from command line to 'False'
[0.413s] Level 5:colcon.colcon_core.verb:set package 'mecanum_drive' build argument 'cmake_force_configure' from command line to 'False'
[0.413s] Level 5:colcon.colcon_core.verb:set package 'mecanum_drive' build argument 'ament_cmake_args' from command line to 'None'
[0.413s] Level 5:colcon.colcon_core.verb:set package 'mecanum_drive' build argument 'catkin_cmake_args' from command line to 'None'
[0.413s] Level 5:colcon.colcon_core.verb:set package 'mecanum_drive' build argument 'catkin_skip_building_tests' from command line to 'False'
[0.413s] DEBUG:colcon.colcon_core.verb:Building package 'mecanum_drive' with the following arguments: {'ament_cmake_args': None, 'build_base': '/home/arham/mecanum_drive_2/build/mecanum_drive', 'catkin_cmake_args': None, 'catkin_skip_building_tests': False, 'cmake_args': None, 'cmake_clean_cache': False, 'cmake_clean_first': False, 'cmake_force_configure': False, 'cmake_target': None, 'cmake_target_skip_unavailable': False, 'install_base': '/home/arham/mecanum_drive_2/install/mecanum_drive', 'merge_install': False, 'path': '/home/arham/mecanum_drive_2/src/mecanum_drive', 'symlink_install': False, 'test_result_base': None}
[0.413s] Level 5:colcon.colcon_core.verb:set package 'robot_hardware_interface' build argument 'cmake_args' from command line to 'None'
[0.413s] Level 5:colcon.colcon_core.verb:set package 'robot_hardware_interface' build argument 'cmake_target' from command line to 'None'
[0.413s] Level 5:colcon.colcon_core.verb:set package 'robot_hardware_interface' build argument 'cmake_target_skip_unavailable' from command line to 'False'
[0.413s] Level 5:colcon.colcon_core.verb:set package 'robot_hardware_interface' build argument 'cmake_clean_cache' from command line to 'False'
[0.413s] Level 5:colcon.colcon_core.verb:set package 'robot_hardware_interface' build argument 'cmake_clean_first' from command line to 'False'
[0.413s] Level 5:colcon.colcon_core.verb:set package 'robot_hardware_interface' build argument 'cmake_force_configure' from command line to 'False'
[0.413s] Level 5:colcon.colcon_core.verb:set package 'robot_hardware_interface' build argument 'ament_cmake_args' from command line to 'None'
[0.413s] Level 5:colcon.colcon_core.verb:set package 'robot_hardware_interface' build argument 'catkin_cmake_args' from command line to 'None'
[0.413s] Level 5:colcon.colcon_core.verb:set package 'robot_hardware_interface' build argument 'catkin_skip_building_tests' from command line to 'False'
[0.413s] DEBUG:colcon.colcon_core.verb:Building package 'robot_hardware_interface' with the following arguments: {'ament_cmake_args': None, 'build_base': '/home/arham/mecanum_drive_2/build/robot_hardware_interface', 'catkin_cmake_args': None, 'catkin_skip_building_tests': False, 'cmake_args': None, 'cmake_clean_cache': False, 'cmake_clean_first': False, 'cmake_force_configure': False, 'cmake_target': None, 'cmake_target_skip_unavailable': False, 'install_base': '/home/arham/mecanum_drive_2/install/robot_hardware_interface', 'merge_install': False, 'path': '/home/arham/mecanum_drive_2/src/robot_hardware_interface', 'symlink_install': False, 'test_result_base': None}
[0.413s] INFO:colcon.colcon_core.executor:Executing jobs using 'parallel' executor
[0.414s] DEBUG:colcon.colcon_parallel_executor.executor.parallel:run_until_complete
[0.414s] INFO:colcon.colcon_ros.task.ament_cmake.build:Building ROS package in '/home/arham/mecanum_drive_2/src/mecanum_drive' with build type 'ament_cmake'
[0.414s] INFO:colcon.colcon_cmake.task.cmake.build:Building CMake package in '/home/arham/mecanum_drive_2/src/mecanum_drive'
[0.418s] INFO:colcon.colcon_core.plugin_system:Skipping extension 'colcon_core.shell.bat': Not used on non-Windows systems
[0.418s] INFO:colcon.colcon_core.shell:Skip shell extension 'powershell' for command environment: Not usable outside of PowerShell
[0.418s] DEBUG:colcon.colcon_core.shell:Skip shell extension 'dsv' for command environment
[0.421s] INFO:colcon.colcon_ros.task.ament_cmake.build:Building ROS package in '/home/arham/mecanum_drive_2/src/robot_hardware_interface' with build type 'ament_cmake'
[0.422s] INFO:colcon.colcon_cmake.task.cmake.build:Building CMake package in '/home/arham/mecanum_drive_2/src/robot_hardware_interface'
[0.422s] INFO:colcon.colcon_core.shell:Skip shell extension 'powershell' for command environment: Not usable outside of PowerShell
[0.422s] DEBUG:colcon.colcon_core.shell:Skip shell extension 'dsv' for command environment
[0.426s] DEBUG:colcon.colcon_core.event_handler.log_command:Invoking command in '/home/arham/mecanum_drive_2/build/mecanum_drive': CMAKE_PREFIX_PATH=${CMAKE_PREFIX_PATH}:/opt/ros/humble /usr/bin/cmake --build /home/arham/mecanum_drive_2/build/mecanum_drive -- -j8 -l8
[0.430s] DEBUG:colcon.colcon_core.event_handler.log_command:Invoking command in '/home/arham/mecanum_drive_2/build/robot_hardware_interface': CMAKE_PREFIX_PATH=${CMAKE_PREFIX_PATH}:/opt/ros/humble /usr/bin/cmake --build /home/arham/mecanum_drive_2/build/robot_hardware_interface -- -j8 -l8
[0.459s] DEBUG:colcon.colcon_core.event_handler.log_command:Invoked command in '/home/arham/mecanum_drive_2/build/mecanum_drive' returned '0': CMAKE_PREFIX_PATH=${CMAKE_PREFIX_PATH}:/opt/ros/humble /usr/bin/cmake --build /home/arham/mecanum_drive_2/build/mecanum_drive -- -j8 -l8
[0.466s] DEBUG:colcon.colcon_core.event_handler.log_command:Invoking command in '/home/arham/mecanum_drive_2/build/mecanum_drive': CMAKE_PREFIX_PATH=${CMAKE_PREFIX_PATH}:/opt/ros/humble /usr/bin/cmake --install /home/arham/mecanum_drive_2/build/mecanum_drive
[0.482s] Level 1:colcon.colcon_core.environment:create_environment_scripts_only(mecanum_drive)
[0.482s] DEBUG:colcon.colcon_core.event_handler.log_command:Invoked command in '/home/arham/mecanum_drive_2/build/mecanum_drive' returned '0': CMAKE_PREFIX_PATH=${CMAKE_PREFIX_PATH}:/opt/ros/humble /usr/bin/cmake --install /home/arham/mecanum_drive_2/build/mecanum_drive
[0.486s] Level 1:colcon.colcon_core.environment:checking '/home/arham/mecanum_drive_2/install/mecanum_drive' for CMake module files
[0.486s] Level 1:colcon.colcon_core.environment:checking '/home/arham/mecanum_drive_2/install/mecanum_drive' for CMake config files
[0.487s] Level 1:colcon.colcon_core.shell:create_environment_hook('mecanum_drive', 'cmake_prefix_path')
[0.487s] INFO:colcon.colcon_core.shell:Creating environment hook '/home/arham/mecanum_drive_2/install/mecanum_drive/share/mecanum_drive/hook/cmake_prefix_path.ps1'
[0.487s] INFO:colcon.colcon_core.shell:Creating environment descriptor '/home/arham/mecanum_drive_2/install/mecanum_drive/share/mecanum_drive/hook/cmake_prefix_path.dsv'
[0.488s] INFO:colcon.colcon_core.shell:Creating environment hook '/home/arham/mecanum_drive_2/install/mecanum_drive/share/mecanum_drive/hook/cmake_prefix_path.sh'
[0.489s] Level 1:colcon.colcon_core.environment:checking '/home/arham/mecanum_drive_2/install/mecanum_drive/bin'
[0.489s] Level 1:colcon.colcon_core.environment:checking '/home/arham/mecanum_drive_2/install/mecanum_drive/lib/pkgconfig/mecanum_drive.pc'
[0.489s] Level 1:colcon.colcon_core.environment:checking '/home/arham/mecanum_drive_2/install/mecanum_drive/lib/python3.10/site-packages'
[0.489s] Level 1:colcon.colcon_core.environment:checking '/home/arham/mecanum_drive_2/install/mecanum_drive/bin'
[0.489s] INFO:colcon.colcon_core.shell:Creating package script '/home/arham/mecanum_drive_2/install/mecanum_drive/share/mecanum_drive/package.ps1'
[0.490s] INFO:colcon.colcon_core.shell:Creating package descriptor '/home/arham/mecanum_drive_2/install/mecanum_drive/share/mecanum_drive/package.dsv'
[0.490s] INFO:colcon.colcon_core.shell:Creating package script '/home/arham/mecanum_drive_2/install/mecanum_drive/share/mecanum_drive/package.sh'
[0.491s] INFO:colcon.colcon_core.shell:Creating package script '/home/arham/mecanum_drive_2/install/mecanum_drive/share/mecanum_drive/package.bash'
[0.492s] INFO:colcon.colcon_core.shell:Creating package script '/home/arham/mecanum_drive_2/install/mecanum_drive/share/mecanum_drive/package.zsh'
[0.492s] Level 1:colcon.colcon_core.environment:create_file_with_runtime_dependencies(/home/arham/mecanum_drive_2/install/mecanum_drive/share/colcon-core/packages/mecanum_drive)
[0.493s] Level 1:colcon.colcon_core.environment:create_environment_scripts_only(mecanum_drive)
[0.493s] Level 1:colcon.colcon_core.environment:checking '/home/arham/mecanum_drive_2/install/mecanum_drive' for CMake module files
[0.493s] Level 1:colcon.colcon_core.environment:checking '/home/arham/mecanum_drive_2/install/mecanum_drive' for CMake config files
[0.493s] Level 1:colcon.colcon_core.shell:create_environment_hook('mecanum_drive', 'cmake_prefix_path')
[0.494s] INFO:colcon.colcon_core.shell:Creating environment hook '/home/arham/mecanum_drive_2/install/mecanum_drive/share/mecanum_drive/hook/cmake_prefix_path.ps1'
[0.494s] INFO:colcon.colcon_core.shell:Creating environment descriptor '/home/arham/mecanum_drive_2/install/mecanum_drive/share/mecanum_drive/hook/cmake_prefix_path.dsv'
[0.494s] INFO:colcon.colcon_core.shell:Creating environment hook '/home/arham/mecanum_drive_2/install/mecanum_drive/share/mecanum_drive/hook/cmake_prefix_path.sh'
[0.494s] Level 1:colcon.colcon_core.environment:checking '/home/arham/mecanum_drive_2/install/mecanum_drive/bin'
[0.495s] Level 1:colcon.colcon_core.environment:checking '/home/arham/mecanum_drive_2/install/mecanum_drive/lib/pkgconfig/mecanum_drive.pc'
[0.495s] Level 1:colcon.colcon_core.environment:checking '/home/arham/mecanum_drive_2/install/mecanum_drive/lib/python3.10/site-packages'
[0.495s] Level 1:colcon.colcon_core.environment:checking '/home/arham/mecanum_drive_2/install/mecanum_drive/bin'
[0.495s] INFO:colcon.colcon_core.shell:Creating package script '/home/arham/mecanum_drive_2/install/mecanum_drive/share/mecanum_drive/package.ps1'
[0.495s] INFO:colcon.colcon_core.shell:Creating package descriptor '/home/arham/mecanum_drive_2/install/mecanum_drive/share/mecanum_drive/package.dsv'
[0.496s] INFO:colcon.colcon_core.shell:Creating package script '/home/arham/mecanum_drive_2/install/mecanum_drive/share/mecanum_drive/package.sh'
[0.496s] INFO:colcon.colcon_core.shell:Creating package script '/home/arham/mecanum_drive_2/install/mecanum_drive/share/mecanum_drive/package.bash'
[0.496s] INFO:colcon.colcon_core.shell:Creating package script '/home/arham/mecanum_drive_2/install/mecanum_drive/share/mecanum_drive/package.zsh'
[0.496s] Level 1:colcon.colcon_core.environment:create_file_with_runtime_dependencies(/home/arham/mecanum_drive_2/install/mecanum_drive/share/colcon-core/packages/mecanum_drive)
[3.119s] DEBUG:colcon.colcon_core.event_handler.log_command:Invoked command in '/home/arham/mecanum_drive_2/build/robot_hardware_interface' returned '0': CMAKE_PREFIX_PATH=${CMAKE_PREFIX_PATH}:/opt/ros/humble /usr/bin/cmake --build /home/arham/mecanum_drive_2/build/robot_hardware_interface -- -j8 -l8
[3.120s] DEBUG:colcon.colcon_core.event_handler.log_command:Invoking command in '/home/arham/mecanum_drive_2/build/robot_hardware_interface': CMAKE_PREFIX_PATH=${CMAKE_PREFIX_PATH}:/opt/ros/humble /usr/bin/cmake --install /home/arham/mecanum_drive_2/build/robot_hardware_interface
[3.134s] Level 1:colcon.colcon_core.environment:create_environment_scripts_only(robot_hardware_interface)
[3.135s] Level 1:colcon.colcon_core.environment:checking '/home/arham/mecanum_drive_2/install/robot_hardware_interface' for CMake module files
[3.135s] DEBUG:colcon.colcon_core.event_handler.log_command:Invoked command in '/home/arham/mecanum_drive_2/build/robot_hardware_interface' returned '0': CMAKE_PREFIX_PATH=${CMAKE_PREFIX_PATH}:/opt/ros/humble /usr/bin/cmake --install /home/arham/mecanum_drive_2/build/robot_hardware_interface
[3.135s] Level 1:colcon.colcon_core.environment:checking '/home/arham/mecanum_drive_2/install/robot_hardware_interface' for CMake config files
[3.135s] Level 1:colcon.colcon_core.shell:create_environment_hook('robot_hardware_interface', 'cmake_prefix_path')
[3.135s] INFO:colcon.colcon_core.shell:Creating environment hook '/home/arham/mecanum_drive_2/install/robot_hardware_interface/share/robot_hardware_interface/hook/cmake_prefix_path.ps1'
[3.136s] INFO:colcon.colcon_core.shell:Creating environment descriptor '/home/arham/mecanum_drive_2/install/robot_hardware_interface/share/robot_hardware_interface/hook/cmake_prefix_path.dsv'
[3.136s] INFO:colcon.colcon_core.shell:Creating environment hook '/home/arham/mecanum_drive_2/install/robot_hardware_interface/share/robot_hardware_interface/hook/cmake_prefix_path.sh'
[3.136s] Level 1:colcon.colcon_core.environment:checking '/home/arham/mecanum_drive_2/install/robot_hardware_interface/lib'
[3.137s] Level 1:colcon.colcon_core.shell:create_environment_hook('robot_hardware_interface', 'ld_library_path_lib')
[3.137s] INFO:colcon.colcon_core.shell:Creating environment hook '/home/arham/mecanum_drive_2/install/robot_hardware_interface/share/robot_hardware_interface/hook/ld_library_path_lib.ps1'
[3.137s] INFO:colcon.colcon_core.shell:Creating environment descriptor '/home/arham/mecanum_drive_2/install/robot_hardware_interface/share/robot_hardware_interface/hook/ld_library_path_lib.dsv'
[3.137s] INFO:colcon.colcon_core.shell:Creating environment hook '/home/arham/mecanum_drive_2/install/robot_hardware_interface/share/robot_hardware_interface/hook/ld_library_path_lib.sh'
[3.137s] Level 1:colcon.colcon_core.environment:checking '/home/arham/mecanum_drive_2/install/robot_hardware_interface/bin'
[3.137s] Level 1:colcon.colcon_core.environment:checking '/home/arham/mecanum_drive_2/install/robot_hardware_interface/lib/pkgconfig/robot_hardware_interface.pc'
[3.138s] Level 1:colcon.colcon_core.environment:checking '/home/arham/mecanum_drive_2/install/robot_hardware_interface/lib/python3.10/site-packages'
[3.138s] Level 1:colcon.colcon_core.environment:checking '/home/arham/mecanum_drive_2/install/robot_hardware_interface/bin'
[3.138s] INFO:colcon.colcon_core.shell:Creating package script '/home/arham/mecanum_drive_2/install/robot_hardware_interface/share/robot_hardware_interface/package.ps1'
[3.138s] INFO:colcon.colcon_core.shell:Creating package descriptor '/home/arham/mecanum_drive_2/install/robot_hardware_interface/share/robot_hardware_interface/package.dsv'
[3.138s] INFO:colcon.colcon_core.shell:Creating package script '/home/arham/mecanum_drive_2/install/robot_hardware_interface/share/robot_hardware_interface/package.sh'
[3.139s] INFO:colcon.colcon_core.shell:Creating package script '/home/arham/mecanum_drive_2/install/robot_hardware_interface/share/robot_hardware_interface/package.bash'
[3.139s] INFO:colcon.colcon_core.shell:Creating package script '/home/arham/mecanum_drive_2/install/robot_hardware_interface/share/robot_hardware_interface/package.zsh'
[3.139s] Level 1:colcon.colcon_core.environment:create_file_with_runtime_dependencies(/home/arham/mecanum_drive_2/install/robot_hardware_interface/share/colcon-core/packages/robot_hardware_interface)
[3.139s] Level 1:colcon.colcon_core.environment:create_environment_scripts_only(robot_hardware_interface)
[3.140s] Level 1:colcon.colcon_core.environment:checking '/home/arham/mecanum_drive_2/install/robot_hardware_interface' for CMake module files
[3.140s] Level 1:colcon.colcon_core.environment:checking '/home/arham/mecanum_drive_2/install/robot_hardware_interface' for CMake config files
[3.140s] Level 1:colcon.colcon_core.shell:create_environment_hook('robot_hardware_interface', 'cmake_prefix_path')
[3.140s] INFO:colcon.colcon_core.shell:Creating environment hook '/home/arham/mecanum_drive_2/install/robot_hardware_interface/share/robot_hardware_interface/hook/cmake_prefix_path.ps1'
[3.140s] INFO:colcon.colcon_core.shell:Creating environment descriptor '/home/arham/mecanum_drive_2/install/robot_hardware_interface/share/robot_hardware_interface/hook/cmake_prefix_path.dsv'
[3.141s] INFO:colcon.colcon_core.shell:Creating environment hook '/home/arham/mecanum_drive_2/install/robot_hardware_interface/share/robot_hardware_interface/hook/cmake_prefix_path.sh'
[3.141s] Level 1:colcon.colcon_core.environment:checking '/home/arham/mecanum_drive_2/install/robot_hardware_interface/lib'
[3.141s] Level 1:colcon.colcon_core.shell:create_environment_hook('robot_hardware_interface', 'ld_library_path_lib')
[3.141s] INFO:colcon.colcon_core.shell:Creating environment hook '/home/arham/mecanum_drive_2/install/robot_hardware_interface/share/robot_hardware_interface/hook/ld_library_path_lib.ps1'
[3.141s] INFO:colcon.colcon_core.shell:Creating environment descriptor '/home/arham/mecanum_drive_2/install/robot_hardware_interface/share/robot_hardware_interface/hook/ld_library_path_lib.dsv'
[3.141s] INFO:colcon.colcon_core.shell:Creating environment hook '/home/arham/mecanum_drive_2/install/robot_hardware_interface/share/robot_hardware_interface/hook/ld_library_path_lib.sh'
[3.142s] Level 1:colcon.colcon_core.environment:checking '/home/arham/mecanum_drive_2/install/robot_hardware_interface/bin'
[3.142s] Level 1:colcon.colcon_core.environment:checking '/home/arham/mecanum_drive_2/install/robot_hardware_interface/lib/pkgconfig/robot_hardware_interface.pc'
[3.142s] Level 1:colcon.colcon_core.environment:checking '/home/arham/mecanum_drive_2/install/robot_hardware_interface/lib/python3.10/site-packages'
[3.142s] Level 1:colcon.colcon_core.environment:checking '/home/arham/mecanum_drive_2/install/robot_hardware_interface/bin'
[3.142s] INFO:colcon.colcon_core.shell:Creating package script '/home/arham/mecanum_drive_2/install/robot_hardware_interface/share/robot_hardware_interface/package.ps1'
[3.142s] INFO:colcon.colcon_core.shell:Creating package descriptor '/home/arham/mecanum_drive_2/install/robot_hardware_interface/share/robot_hardware_interface/package.dsv'
[3.143s] INFO:colcon.colcon_core.shell:Creating package script '/home/arham/mecanum_drive_2/install/robot_hardware_interface/share/robot_hardware_interface/package.sh'
[3.143s] INFO:colcon.colcon_core.shell:Creating package script '/home/arham/mecanum_drive_2/install/robot_hardware_interface/share/robot_hardware_interface/package.bash'
[3.143s] INFO:colcon.colcon_core.shell:Creating package script '/home/arham/mecanum_drive_2/install/robot_hardware_interface/share/robot_hardware_interface/package.zsh'
[3.143s] Level 1:colcon.colcon_core.environment:create_file_with_runtime_dependencies(/home/arham/mecanum_drive_2/install/robot_hardware_interface/share/colcon-core/packages/robot_hardware_interface)
[3.144s] DEBUG:colcon.colcon_parallel_executor.executor.parallel:closing loop
[3.144s] DEBUG:colcon.colcon_parallel_executor.executor.parallel:loop closed
[3.144s] DEBUG:colcon.colcon_parallel_executor.executor.parallel:run_until_complete finished with '0'
[3.144s] DEBUG:colcon.colcon_core.event_reactor:joining thread
[3.148s] INFO:colcon.colcon_core.plugin_system:Skipping extension 'colcon_notification.desktop_notification.terminal_notifier': Not used on non-Darwin systems
[3.148s] INFO:colcon.colcon_core.plugin_system:Skipping extension 'colcon_notification.desktop_notification.win32': Not used on non-Windows systems
[3.148s] INFO:colcon.colcon_notification.desktop_notification:Sending desktop notification using 'notify2'
[3.156s] DEBUG:colcon.colcon_core.event_reactor:joined thread
[3.157s] INFO:colcon.colcon_core.shell:Creating prefix script '/home/arham/mecanum_drive_2/install/local_setup.ps1'
[3.158s] INFO:colcon.colcon_core.shell:Creating prefix util module '/home/arham/mecanum_drive_2/install/_local_setup_util_ps1.py'
[3.160s] INFO:colcon.colcon_core.shell:Creating prefix chain script '/home/arham/mecanum_drive_2/install/setup.ps1'
[3.161s] INFO:colcon.colcon_core.shell:Creating prefix script '/home/arham/mecanum_drive_2/install/local_setup.sh'
[3.161s] INFO:colcon.colcon_core.shell:Creating prefix util module '/home/arham/mecanum_drive_2/install/_local_setup_util_sh.py'
[3.162s] INFO:colcon.colcon_core.shell:Creating prefix chain script '/home/arham/mecanum_drive_2/install/setup.sh'
[3.163s] INFO:colcon.colcon_core.shell:Creating prefix script '/home/arham/mecanum_drive_2/install/local_setup.bash'
[3.163s] INFO:colcon.colcon_core.shell:Creating prefix chain script '/home/arham/mecanum_drive_2/install/setup.bash'
[3.164s] INFO:colcon.colcon_core.shell:Creating prefix script '/home/arham/mecanum_drive_2/install/local_setup.zsh'
[3.164s] INFO:colcon.colcon_core.shell:Creating prefix chain script '/home/arham/mecanum_drive_2/install/setup.zsh'
