[0.073s] DEBUG:colcon:Command line arguments: ['/usr/bin/colcon', 'build']
[0.073s] DEBUG:colcon:Parsed command line arguments: Namespace(log_base=None, log_level=None, verb_name='build', build_base='build', install_base='install', merge_install=False, symlink_install=False, test_result_base=None, continue_on_error=False, executor='parallel', parallel_workers=8, event_handlers=None, ignore_user_meta=False, metas=['./colcon.meta'], base_paths=['.'], packages_ignore=None, packages_ignore_regex=None, paths=None, packages_up_to=None, packages_up_to_regex=None, packages_above=None, packages_above_and_dependencies=None, packages_above_depth=None, packages_select_by_dep=None, packages_skip_by_dep=None, packages_skip_up_to=None, packages_select_build_failed=False, packages_skip_build_finished=False, packages_select_test_failures=False, packages_skip_test_passed=False, packages_select=None, packages_skip=None, packages_select_regex=None, packages_skip_regex=None, packages_start=None, packages_end=None, allow_overriding=[], cmake_args=None, cmake_target=None, cmake_target_skip_unavailable=False, cmake_clean_cache=False, cmake_clean_first=False, cmake_force_configure=False, ament_cmake_args=None, catkin_cmake_args=None, catkin_skip_building_tests=False, mixin_files=None, mixin=None, verb_parser=<colcon_mixin.mixin.mixin_argument.MixinArgumentDecorator object at 0x76b7cef3a500>, verb_extension=<colcon_core.verb.build.BuildVerb object at 0x76b7cef39f90>, main=<bound method BuildVerb.main of <colcon_core.verb.build.BuildVerb object at 0x76b7cef39f90>>, mixin_verb=('build',))
[0.181s] Level 1:colcon.colcon_core.package_discovery:discover_packages(colcon_meta) check parameters
[0.181s] Level 1:colcon.colcon_core.package_discovery:discover_packages(recursive) check parameters
[0.181s] Level 1:colcon.colcon_core.package_discovery:discover_packages(ignore) check parameters
[0.181s] Level 1:colcon.colcon_core.package_discovery:discover_packages(path) check parameters
[0.181s] Level 1:colcon.colcon_core.package_discovery:discover_packages(colcon_meta) discover
[0.181s] Level 1:colcon.colcon_core.package_discovery:discover_packages(recursive) discover
[0.181s] INFO:colcon.colcon_core.package_discovery:Crawling recursively for packages in '/home/arham/mecanum_drive_2'
[0.181s] Level 1:colcon.colcon_core.package_identification:_identify(.) by extensions ['ignore', 'ignore_ament_install']
[0.181s] Level 1:colcon.colcon_core.package_identification:_identify(.) by extension 'ignore'
[0.181s] Level 1:colcon.colcon_core.package_identification:_identify(.) by extension 'ignore_ament_install'
[0.181s] Level 1:colcon.colcon_core.package_identification:_identify(.) by extensions ['colcon_pkg']
[0.181s] Level 1:colcon.colcon_core.package_identification:_identify(.) by extension 'colcon_pkg'
[0.181s] Level 1:colcon.colcon_core.package_identification:_identify(.) by extensions ['colcon_meta']
[0.181s] Level 1:colcon.colcon_core.package_identification:_identify(.) by extension 'colcon_meta'
[0.181s] Level 1:colcon.colcon_core.package_identification:_identify(.) by extensions ['ros']
[0.181s] Level 1:colcon.colcon_core.package_identification:_identify(.) by extension 'ros'
[0.188s] Level 1:colcon.colcon_core.package_identification:_identify(.) by extensions ['cmake', 'python']
[0.188s] Level 1:colcon.colcon_core.package_identification:_identify(.) by extension 'cmake'
[0.188s] Level 1:colcon.colcon_core.package_identification:_identify(.) by extension 'python'
[0.188s] Level 1:colcon.colcon_core.package_identification:_identify(.) by extensions ['python_setup_py']
[0.188s] Level 1:colcon.colcon_core.package_identification:_identify(.) by extension 'python_setup_py'
[0.188s] Level 1:colcon.colcon_core.package_identification:_identify(build) by extensions ['ignore', 'ignore_ament_install']
[0.188s] Level 1:colcon.colcon_core.package_identification:_identify(build) by extension 'ignore'
[0.188s] Level 1:colcon.colcon_core.package_identification:_identify(build) ignored
[0.188s] Level 1:colcon.colcon_core.package_identification:_identify(config) by extensions ['ignore', 'ignore_ament_install']
[0.188s] Level 1:colcon.colcon_core.package_identification:_identify(config) by extension 'ignore'
[0.188s] Level 1:colcon.colcon_core.package_identification:_identify(config) by extension 'ignore_ament_install'
[0.188s] Level 1:colcon.colcon_core.package_identification:_identify(config) by extensions ['colcon_pkg']
[0.188s] Level 1:colcon.colcon_core.package_identification:_identify(config) by extension 'colcon_pkg'
[0.188s] Level 1:colcon.colcon_core.package_identification:_identify(config) by extensions ['colcon_meta']
[0.188s] Level 1:colcon.colcon_core.package_identification:_identify(config) by extension 'colcon_meta'
[0.188s] Level 1:colcon.colcon_core.package_identification:_identify(config) by extensions ['ros']
[0.188s] Level 1:colcon.colcon_core.package_identification:_identify(config) by extension 'ros'
[0.189s] Level 1:colcon.colcon_core.package_identification:_identify(config) by extensions ['cmake', 'python']
[0.189s] Level 1:colcon.colcon_core.package_identification:_identify(config) by extension 'cmake'
[0.189s] Level 1:colcon.colcon_core.package_identification:_identify(config) by extension 'python'
[0.189s] Level 1:colcon.colcon_core.package_identification:_identify(config) by extensions ['python_setup_py']
[0.189s] Level 1:colcon.colcon_core.package_identification:_identify(config) by extension 'python_setup_py'
[0.189s] Level 1:colcon.colcon_core.package_identification:_identify(install) by extensions ['ignore', 'ignore_ament_install']
[0.189s] Level 1:colcon.colcon_core.package_identification:_identify(install) by extension 'ignore'
[0.189s] Level 1:colcon.colcon_core.package_identification:_identify(install) ignored
[0.189s] Level 1:colcon.colcon_core.package_identification:_identify(log) by extensions ['ignore', 'ignore_ament_install']
[0.189s] Level 1:colcon.colcon_core.package_identification:_identify(log) by extension 'ignore'
[0.189s] Level 1:colcon.colcon_core.package_identification:_identify(log) ignored
[0.189s] Level 1:colcon.colcon_core.package_identification:_identify(maps) by extensions ['ignore', 'ignore_ament_install']
[0.189s] Level 1:colcon.colcon_core.package_identification:_identify(maps) by extension 'ignore'
[0.189s] Level 1:colcon.colcon_core.package_identification:_identify(maps) by extension 'ignore_ament_install'
[0.189s] Level 1:colcon.colcon_core.package_identification:_identify(maps) by extensions ['colcon_pkg']
[0.189s] Level 1:colcon.colcon_core.package_identification:_identify(maps) by extension 'colcon_pkg'
[0.189s] Level 1:colcon.colcon_core.package_identification:_identify(maps) by extensions ['colcon_meta']
[0.189s] Level 1:colcon.colcon_core.package_identification:_identify(maps) by extension 'colcon_meta'
[0.189s] Level 1:colcon.colcon_core.package_identification:_identify(maps) by extensions ['ros']
[0.189s] Level 1:colcon.colcon_core.package_identification:_identify(maps) by extension 'ros'
[0.189s] Level 1:colcon.colcon_core.package_identification:_identify(maps) by extensions ['cmake', 'python']
[0.189s] Level 1:colcon.colcon_core.package_identification:_identify(maps) by extension 'cmake'
[0.189s] Level 1:colcon.colcon_core.package_identification:_identify(maps) by extension 'python'
[0.189s] Level 1:colcon.colcon_core.package_identification:_identify(maps) by extensions ['python_setup_py']
[0.189s] Level 1:colcon.colcon_core.package_identification:_identify(maps) by extension 'python_setup_py'
[0.189s] Level 1:colcon.colcon_core.package_identification:_identify(src) by extensions ['ignore', 'ignore_ament_install']
[0.189s] Level 1:colcon.colcon_core.package_identification:_identify(src) by extension 'ignore'
[0.189s] Level 1:colcon.colcon_core.package_identification:_identify(src) by extension 'ignore_ament_install'
[0.189s] Level 1:colcon.colcon_core.package_identification:_identify(src) by extensions ['colcon_pkg']
[0.189s] Level 1:colcon.colcon_core.package_identification:_identify(src) by extension 'colcon_pkg'
[0.189s] Level 1:colcon.colcon_core.package_identification:_identify(src) by extensions ['colcon_meta']
[0.189s] Level 1:colcon.colcon_core.package_identification:_identify(src) by extension 'colcon_meta'
[0.189s] Level 1:colcon.colcon_core.package_identification:_identify(src) by extensions ['ros']
[0.189s] Level 1:colcon.colcon_core.package_identification:_identify(src) by extension 'ros'
[0.189s] Level 1:colcon.colcon_core.package_identification:_identify(src) by extensions ['cmake', 'python']
[0.189s] Level 1:colcon.colcon_core.package_identification:_identify(src) by extension 'cmake'
[0.190s] Level 1:colcon.colcon_core.package_identification:_identify(src) by extension 'python'
[0.190s] Level 1:colcon.colcon_core.package_identification:_identify(src) by extensions ['python_setup_py']
[0.190s] Level 1:colcon.colcon_core.package_identification:_identify(src) by extension 'python_setup_py'
[0.190s] Level 1:colcon.colcon_core.package_identification:_identify(src/mecanum_drive) by extensions ['ignore', 'ignore_ament_install']
[0.190s] Level 1:colcon.colcon_core.package_identification:_identify(src/mecanum_drive) by extension 'ignore'
[0.190s] Level 1:colcon.colcon_core.package_identification:_identify(src/mecanum_drive) by extension 'ignore_ament_install'
[0.190s] Level 1:colcon.colcon_core.package_identification:_identify(src/mecanum_drive) by extensions ['colcon_pkg']
[0.190s] Level 1:colcon.colcon_core.package_identification:_identify(src/mecanum_drive) by extension 'colcon_pkg'
[0.190s] Level 1:colcon.colcon_core.package_identification:_identify(src/mecanum_drive) by extensions ['colcon_meta']
[0.190s] Level 1:colcon.colcon_core.package_identification:_identify(src/mecanum_drive) by extension 'colcon_meta'
[0.190s] Level 1:colcon.colcon_core.package_identification:_identify(src/mecanum_drive) by extensions ['ros']
[0.190s] Level 1:colcon.colcon_core.package_identification:_identify(src/mecanum_drive) by extension 'ros'
[0.192s] DEBUG:colcon.colcon_core.package_identification:Package 'src/mecanum_drive' with type 'ros.ament_cmake' and name 'mecanum_drive'
[0.192s] Level 1:colcon.colcon_core.package_identification:_identify(src/robot_hardware_interface) by extensions ['ignore', 'ignore_ament_install']
[0.192s] Level 1:colcon.colcon_core.package_identification:_identify(src/robot_hardware_interface) by extension 'ignore'
[0.192s] Level 1:colcon.colcon_core.package_identification:_identify(src/robot_hardware_interface) by extension 'ignore_ament_install'
[0.192s] Level 1:colcon.colcon_core.package_identification:_identify(src/robot_hardware_interface) by extensions ['colcon_pkg']
[0.192s] Level 1:colcon.colcon_core.package_identification:_identify(src/robot_hardware_interface) by extension 'colcon_pkg'
[0.192s] Level 1:colcon.colcon_core.package_identification:_identify(src/robot_hardware_interface) by extensions ['colcon_meta']
[0.192s] Level 1:colcon.colcon_core.package_identification:_identify(src/robot_hardware_interface) by extension 'colcon_meta'
[0.192s] Level 1:colcon.colcon_core.package_identification:_identify(src/robot_hardware_interface) by extensions ['ros']
[0.192s] Level 1:colcon.colcon_core.package_identification:_identify(src/robot_hardware_interface) by extension 'ros'
[0.192s] DEBUG:colcon.colcon_core.package_identification:Package 'src/robot_hardware_interface' with type 'ros.ament_cmake' and name 'robot_hardware_interface'
[0.193s] Level 1:colcon.colcon_core.package_discovery:discover_packages(recursive) using defaults
[0.193s] Level 1:colcon.colcon_core.package_discovery:discover_packages(ignore) discover
[0.193s] Level 1:colcon.colcon_core.package_discovery:discover_packages(ignore) using defaults
[0.193s] Level 1:colcon.colcon_core.package_discovery:discover_packages(path) discover
[0.193s] Level 1:colcon.colcon_core.package_discovery:discover_packages(path) using defaults
[0.212s] Level 1:colcon.colcon_core.package_discovery:discover_packages(prefix_path) check parameters
[0.212s] Level 1:colcon.colcon_core.package_discovery:discover_packages(prefix_path) discover
[0.213s] WARNING:colcon.colcon_ros.prefix_path.ament:The path '/home/arham/mecanum_drive_2/install/mecanum_drive' in the environment variable AMENT_PREFIX_PATH doesn't exist
[0.213s] WARNING:colcon.colcon_ros.prefix_path.catkin:The path '/home/arham/mecanum_drive_2/install/mecanum_drive' in the environment variable CMAKE_PREFIX_PATH doesn't exist
[0.213s] DEBUG:colcon.colcon_installed_package_information.package_discovery:Found 0 installed packages in /home/arham/mecanum_drive_2/install
[0.214s] DEBUG:colcon.colcon_installed_package_information.package_discovery:Found 412 installed packages in /opt/ros/humble
[0.215s] Level 1:colcon.colcon_core.package_discovery:discover_packages(prefix_path) using defaults
[0.244s] Level 5:colcon.colcon_core.verb:set package 'mecanum_drive' build argument 'cmake_args' from command line to 'None'
[0.244s] Level 5:colcon.colcon_core.verb:set package 'mecanum_drive' build argument 'cmake_target' from command line to 'None'
[0.244s] Level 5:colcon.colcon_core.verb:set package 'mecanum_drive' build argument 'cmake_target_skip_unavailable' from command line to 'False'
[0.244s] Level 5:colcon.colcon_core.verb:set package 'mecanum_drive' build argument 'cmake_clean_cache' from command line to 'False'
[0.244s] Level 5:colcon.colcon_core.verb:set package 'mecanum_drive' build argument 'cmake_clean_first' from command line to 'False'
[0.244s] Level 5:colcon.colcon_core.verb:set package 'mecanum_drive' build argument 'cmake_force_configure' from command line to 'False'
[0.244s] Level 5:colcon.colcon_core.verb:set package 'mecanum_drive' build argument 'ament_cmake_args' from command line to 'None'
[0.244s] Level 5:colcon.colcon_core.verb:set package 'mecanum_drive' build argument 'catkin_cmake_args' from command line to 'None'
[0.244s] Level 5:colcon.colcon_core.verb:set package 'mecanum_drive' build argument 'catkin_skip_building_tests' from command line to 'False'
[0.244s] DEBUG:colcon.colcon_core.verb:Building package 'mecanum_drive' with the following arguments: {'ament_cmake_args': None, 'build_base': '/home/arham/mecanum_drive_2/build/mecanum_drive', 'catkin_cmake_args': None, 'catkin_skip_building_tests': False, 'cmake_args': None, 'cmake_clean_cache': False, 'cmake_clean_first': False, 'cmake_force_configure': False, 'cmake_target': None, 'cmake_target_skip_unavailable': False, 'install_base': '/home/arham/mecanum_drive_2/install/mecanum_drive', 'merge_install': False, 'path': '/home/arham/mecanum_drive_2/src/mecanum_drive', 'symlink_install': False, 'test_result_base': None}
[0.245s] Level 5:colcon.colcon_core.verb:set package 'robot_hardware_interface' build argument 'cmake_args' from command line to 'None'
[0.245s] Level 5:colcon.colcon_core.verb:set package 'robot_hardware_interface' build argument 'cmake_target' from command line to 'None'
[0.245s] Level 5:colcon.colcon_core.verb:set package 'robot_hardware_interface' build argument 'cmake_target_skip_unavailable' from command line to 'False'
[0.245s] Level 5:colcon.colcon_core.verb:set package 'robot_hardware_interface' build argument 'cmake_clean_cache' from command line to 'False'
[0.245s] Level 5:colcon.colcon_core.verb:set package 'robot_hardware_interface' build argument 'cmake_clean_first' from command line to 'False'
[0.245s] Level 5:colcon.colcon_core.verb:set package 'robot_hardware_interface' build argument 'cmake_force_configure' from command line to 'False'
[0.245s] Level 5:colcon.colcon_core.verb:set package 'robot_hardware_interface' build argument 'ament_cmake_args' from command line to 'None'
[0.245s] Level 5:colcon.colcon_core.verb:set package 'robot_hardware_interface' build argument 'catkin_cmake_args' from command line to 'None'
[0.245s] Level 5:colcon.colcon_core.verb:set package 'robot_hardware_interface' build argument 'catkin_skip_building_tests' from command line to 'False'
[0.245s] DEBUG:colcon.colcon_core.verb:Building package 'robot_hardware_interface' with the following arguments: {'ament_cmake_args': None, 'build_base': '/home/arham/mecanum_drive_2/build/robot_hardware_interface', 'catkin_cmake_args': None, 'catkin_skip_building_tests': False, 'cmake_args': None, 'cmake_clean_cache': False, 'cmake_clean_first': False, 'cmake_force_configure': False, 'cmake_target': None, 'cmake_target_skip_unavailable': False, 'install_base': '/home/arham/mecanum_drive_2/install/robot_hardware_interface', 'merge_install': False, 'path': '/home/arham/mecanum_drive_2/src/robot_hardware_interface', 'symlink_install': False, 'test_result_base': None}
[0.245s] INFO:colcon.colcon_core.executor:Executing jobs using 'parallel' executor
[0.246s] DEBUG:colcon.colcon_parallel_executor.executor.parallel:run_until_complete
[0.247s] INFO:colcon.colcon_ros.task.ament_cmake.build:Building ROS package in '/home/arham/mecanum_drive_2/src/mecanum_drive' with build type 'ament_cmake'
[0.247s] INFO:colcon.colcon_cmake.task.cmake.build:Building CMake package in '/home/arham/mecanum_drive_2/src/mecanum_drive'
[0.248s] INFO:colcon.colcon_core.plugin_system:Skipping extension 'colcon_core.shell.bat': Not used on non-Windows systems
[0.248s] INFO:colcon.colcon_core.shell:Skip shell extension 'powershell' for command environment: Not usable outside of PowerShell
[0.248s] DEBUG:colcon.colcon_core.shell:Skip shell extension 'dsv' for command environment
[0.250s] INFO:colcon.colcon_ros.task.ament_cmake.build:Building ROS package in '/home/arham/mecanum_drive_2/src/robot_hardware_interface' with build type 'ament_cmake'
[0.250s] INFO:colcon.colcon_cmake.task.cmake.build:Building CMake package in '/home/arham/mecanum_drive_2/src/robot_hardware_interface'
[0.251s] INFO:colcon.colcon_core.shell:Skip shell extension 'powershell' for command environment: Not usable outside of PowerShell
[0.251s] DEBUG:colcon.colcon_core.shell:Skip shell extension 'dsv' for command environment
[0.255s] DEBUG:colcon.colcon_core.event_handler.log_command:Invoking command in '/home/arham/mecanum_drive_2/build/mecanum_drive': CMAKE_PREFIX_PATH=${CMAKE_PREFIX_PATH}:/opt/ros/humble /usr/bin/cmake /home/arham/mecanum_drive_2/src/mecanum_drive -DCMAKE_INSTALL_PREFIX=/home/arham/mecanum_drive_2/install/mecanum_drive
[0.257s] DEBUG:colcon.colcon_core.event_handler.log_command:Invoking command in '/home/arham/mecanum_drive_2/build/robot_hardware_interface': CMAKE_PREFIX_PATH=${CMAKE_PREFIX_PATH}:/opt/ros/humble /usr/bin/cmake /home/arham/mecanum_drive_2/src/robot_hardware_interface -DCMAKE_INSTALL_PREFIX=/home/arham/mecanum_drive_2/install/robot_hardware_interface
[0.680s] DEBUG:colcon.colcon_core.event_handler.log_command:Invoked command in '/home/arham/mecanum_drive_2/build/mecanum_drive' returned '0': CMAKE_PREFIX_PATH=${CMAKE_PREFIX_PATH}:/opt/ros/humble /usr/bin/cmake /home/arham/mecanum_drive_2/src/mecanum_drive -DCMAKE_INSTALL_PREFIX=/home/arham/mecanum_drive_2/install/mecanum_drive
[0.681s] DEBUG:colcon.colcon_core.event_handler.log_command:Invoking command in '/home/arham/mecanum_drive_2/build/mecanum_drive': CMAKE_PREFIX_PATH=${CMAKE_PREFIX_PATH}:/opt/ros/humble /usr/bin/cmake --build /home/arham/mecanum_drive_2/build/mecanum_drive -- -j8 -l8
[0.704s] DEBUG:colcon.colcon_core.event_handler.log_command:Invoked command in '/home/arham/mecanum_drive_2/build/mecanum_drive' returned '0': CMAKE_PREFIX_PATH=${CMAKE_PREFIX_PATH}:/opt/ros/humble /usr/bin/cmake --build /home/arham/mecanum_drive_2/build/mecanum_drive -- -j8 -l8
[0.710s] DEBUG:colcon.colcon_core.event_handler.log_command:Invoking command in '/home/arham/mecanum_drive_2/build/mecanum_drive': CMAKE_PREFIX_PATH=${CMAKE_PREFIX_PATH}:/opt/ros/humble /usr/bin/cmake --install /home/arham/mecanum_drive_2/build/mecanum_drive
[0.719s] Level 1:colcon.colcon_core.environment:create_environment_scripts_only(mecanum_drive)
[0.720s] DEBUG:colcon.colcon_core.event_handler.log_command:Invoked command in '/home/arham/mecanum_drive_2/build/mecanum_drive' returned '0': CMAKE_PREFIX_PATH=${CMAKE_PREFIX_PATH}:/opt/ros/humble /usr/bin/cmake --install /home/arham/mecanum_drive_2/build/mecanum_drive
[0.721s] Level 1:colcon.colcon_core.environment:checking '/home/arham/mecanum_drive_2/install/mecanum_drive' for CMake module files
[0.722s] Level 1:colcon.colcon_core.environment:checking '/home/arham/mecanum_drive_2/install/mecanum_drive' for CMake config files
[0.722s] Level 1:colcon.colcon_core.shell:create_environment_hook('mecanum_drive', 'cmake_prefix_path')
[0.722s] INFO:colcon.colcon_core.shell:Creating environment hook '/home/arham/mecanum_drive_2/install/mecanum_drive/share/mecanum_drive/hook/cmake_prefix_path.ps1'
[0.722s] INFO:colcon.colcon_core.shell:Creating environment descriptor '/home/arham/mecanum_drive_2/install/mecanum_drive/share/mecanum_drive/hook/cmake_prefix_path.dsv'
[0.722s] INFO:colcon.colcon_core.shell:Creating environment hook '/home/arham/mecanum_drive_2/install/mecanum_drive/share/mecanum_drive/hook/cmake_prefix_path.sh'
[0.723s] Level 1:colcon.colcon_core.environment:checking '/home/arham/mecanum_drive_2/install/mecanum_drive/bin'
[0.723s] Level 1:colcon.colcon_core.environment:checking '/home/arham/mecanum_drive_2/install/mecanum_drive/lib/pkgconfig/mecanum_drive.pc'
[0.723s] Level 1:colcon.colcon_core.environment:checking '/home/arham/mecanum_drive_2/install/mecanum_drive/lib/python3.10/site-packages'
[0.723s] Level 1:colcon.colcon_core.environment:checking '/home/arham/mecanum_drive_2/install/mecanum_drive/bin'
[0.723s] INFO:colcon.colcon_core.shell:Creating package script '/home/arham/mecanum_drive_2/install/mecanum_drive/share/mecanum_drive/package.ps1'
[0.724s] INFO:colcon.colcon_core.shell:Creating package descriptor '/home/arham/mecanum_drive_2/install/mecanum_drive/share/mecanum_drive/package.dsv'
[0.724s] INFO:colcon.colcon_core.shell:Creating package script '/home/arham/mecanum_drive_2/install/mecanum_drive/share/mecanum_drive/package.sh'
[0.725s] INFO:colcon.colcon_core.shell:Creating package script '/home/arham/mecanum_drive_2/install/mecanum_drive/share/mecanum_drive/package.bash'
[0.725s] INFO:colcon.colcon_core.shell:Creating package script '/home/arham/mecanum_drive_2/install/mecanum_drive/share/mecanum_drive/package.zsh'
[0.726s] Level 1:colcon.colcon_core.environment:create_file_with_runtime_dependencies(/home/arham/mecanum_drive_2/install/mecanum_drive/share/colcon-core/packages/mecanum_drive)
[0.726s] Level 1:colcon.colcon_core.environment:create_environment_scripts_only(mecanum_drive)
[0.726s] Level 1:colcon.colcon_core.environment:checking '/home/arham/mecanum_drive_2/install/mecanum_drive' for CMake module files
[0.726s] Level 1:colcon.colcon_core.environment:checking '/home/arham/mecanum_drive_2/install/mecanum_drive' for CMake config files
[0.726s] Level 1:colcon.colcon_core.shell:create_environment_hook('mecanum_drive', 'cmake_prefix_path')
[0.727s] INFO:colcon.colcon_core.shell:Creating environment hook '/home/arham/mecanum_drive_2/install/mecanum_drive/share/mecanum_drive/hook/cmake_prefix_path.ps1'
[0.727s] INFO:colcon.colcon_core.shell:Creating environment descriptor '/home/arham/mecanum_drive_2/install/mecanum_drive/share/mecanum_drive/hook/cmake_prefix_path.dsv'
[0.727s] INFO:colcon.colcon_core.shell:Creating environment hook '/home/arham/mecanum_drive_2/install/mecanum_drive/share/mecanum_drive/hook/cmake_prefix_path.sh'
[0.727s] Level 1:colcon.colcon_core.environment:checking '/home/arham/mecanum_drive_2/install/mecanum_drive/bin'
[0.727s] Level 1:colcon.colcon_core.environment:checking '/home/arham/mecanum_drive_2/install/mecanum_drive/lib/pkgconfig/mecanum_drive.pc'
[0.728s] Level 1:colcon.colcon_core.environment:checking '/home/arham/mecanum_drive_2/install/mecanum_drive/lib/python3.10/site-packages'
[0.728s] Level 1:colcon.colcon_core.environment:checking '/home/arham/mecanum_drive_2/install/mecanum_drive/bin'
[0.728s] INFO:colcon.colcon_core.shell:Creating package script '/home/arham/mecanum_drive_2/install/mecanum_drive/share/mecanum_drive/package.ps1'
[0.728s] INFO:colcon.colcon_core.shell:Creating package descriptor '/home/arham/mecanum_drive_2/install/mecanum_drive/share/mecanum_drive/package.dsv'
[0.728s] INFO:colcon.colcon_core.shell:Creating package script '/home/arham/mecanum_drive_2/install/mecanum_drive/share/mecanum_drive/package.sh'
[0.729s] INFO:colcon.colcon_core.shell:Creating package script '/home/arham/mecanum_drive_2/install/mecanum_drive/share/mecanum_drive/package.bash'
[0.729s] INFO:colcon.colcon_core.shell:Creating package script '/home/arham/mecanum_drive_2/install/mecanum_drive/share/mecanum_drive/package.zsh'
[0.729s] Level 1:colcon.colcon_core.environment:create_file_with_runtime_dependencies(/home/arham/mecanum_drive_2/install/mecanum_drive/share/colcon-core/packages/mecanum_drive)
[1.072s] DEBUG:colcon.colcon_core.event_handler.log_command:Invoked command in '/home/arham/mecanum_drive_2/build/robot_hardware_interface' returned '1': CMAKE_PREFIX_PATH=${CMAKE_PREFIX_PATH}:/opt/ros/humble /usr/bin/cmake /home/arham/mecanum_drive_2/src/robot_hardware_interface -DCMAKE_INSTALL_PREFIX=/home/arham/mecanum_drive_2/install/robot_hardware_interface
[1.080s] Level 1:colcon.colcon_core.environment:create_environment_scripts_only(robot_hardware_interface)
[1.080s] Level 1:colcon.colcon_core.environment:checking '/home/arham/mecanum_drive_2/install/robot_hardware_interface' for CMake module files
[1.081s] Level 1:colcon.colcon_core.environment:checking '/home/arham/mecanum_drive_2/install/robot_hardware_interface' for CMake config files
[1.081s] Level 1:colcon.colcon_core.environment:checking '/home/arham/mecanum_drive_2/install/robot_hardware_interface/bin'
[1.081s] Level 1:colcon.colcon_core.environment:checking '/home/arham/mecanum_drive_2/install/robot_hardware_interface/lib/pkgconfig/robot_hardware_interface.pc'
[1.081s] Level 1:colcon.colcon_core.environment:checking '/home/arham/mecanum_drive_2/install/robot_hardware_interface/lib/python3.10/site-packages'
[1.081s] Level 1:colcon.colcon_core.environment:checking '/home/arham/mecanum_drive_2/install/robot_hardware_interface/bin'
[1.081s] INFO:colcon.colcon_core.shell:Creating package script '/home/arham/mecanum_drive_2/install/robot_hardware_interface/share/robot_hardware_interface/package.ps1'
[1.081s] INFO:colcon.colcon_core.shell:Creating package descriptor '/home/arham/mecanum_drive_2/install/robot_hardware_interface/share/robot_hardware_interface/package.dsv'
[1.082s] INFO:colcon.colcon_core.shell:Creating package script '/home/arham/mecanum_drive_2/install/robot_hardware_interface/share/robot_hardware_interface/package.sh'
[1.082s] INFO:colcon.colcon_core.shell:Creating package script '/home/arham/mecanum_drive_2/install/robot_hardware_interface/share/robot_hardware_interface/package.bash'
[1.082s] INFO:colcon.colcon_core.shell:Creating package script '/home/arham/mecanum_drive_2/install/robot_hardware_interface/share/robot_hardware_interface/package.zsh'
[1.082s] Level 1:colcon.colcon_core.environment:create_file_with_runtime_dependencies(/home/arham/mecanum_drive_2/install/robot_hardware_interface/share/colcon-core/packages/robot_hardware_interface)
[1.092s] DEBUG:colcon.colcon_parallel_executor.executor.parallel:closing loop
[1.093s] DEBUG:colcon.colcon_parallel_executor.executor.parallel:loop closed
[1.093s] DEBUG:colcon.colcon_parallel_executor.executor.parallel:run_until_complete finished with '1'
[1.093s] DEBUG:colcon.colcon_core.event_reactor:joining thread
[1.096s] INFO:colcon.colcon_core.plugin_system:Skipping extension 'colcon_notification.desktop_notification.terminal_notifier': Not used on non-Darwin systems
[1.096s] INFO:colcon.colcon_core.plugin_system:Skipping extension 'colcon_notification.desktop_notification.win32': Not used on non-Windows systems
[1.096s] INFO:colcon.colcon_notification.desktop_notification:Sending desktop notification using 'notify2'
[1.102s] DEBUG:colcon.colcon_core.event_reactor:joined thread
[1.102s] INFO:colcon.colcon_core.shell:Creating prefix script '/home/arham/mecanum_drive_2/install/local_setup.ps1'
[1.103s] INFO:colcon.colcon_core.shell:Creating prefix util module '/home/arham/mecanum_drive_2/install/_local_setup_util_ps1.py'
[1.104s] INFO:colcon.colcon_core.shell:Creating prefix chain script '/home/arham/mecanum_drive_2/install/setup.ps1'
[1.105s] INFO:colcon.colcon_core.shell:Creating prefix script '/home/arham/mecanum_drive_2/install/local_setup.sh'
[1.105s] INFO:colcon.colcon_core.shell:Creating prefix util module '/home/arham/mecanum_drive_2/install/_local_setup_util_sh.py'
[1.105s] INFO:colcon.colcon_core.shell:Creating prefix chain script '/home/arham/mecanum_drive_2/install/setup.sh'
[1.106s] INFO:colcon.colcon_core.shell:Creating prefix script '/home/arham/mecanum_drive_2/install/local_setup.bash'
[1.107s] INFO:colcon.colcon_core.shell:Creating prefix chain script '/home/arham/mecanum_drive_2/install/setup.bash'
[1.107s] INFO:colcon.colcon_core.shell:Creating prefix script '/home/arham/mecanum_drive_2/install/local_setup.zsh'
[1.107s] INFO:colcon.colcon_core.shell:Creating prefix chain script '/home/arham/mecanum_drive_2/install/setup.zsh'
