-- Found ament_cmake: 1.3.11 (/opt/ros/humble/share/ament_cmake/cmake)
-- Found rclcpp: 16.0.12 (/opt/ros/humble/share/rclcpp/cmake)
-- Found rosidl_generator_c: 3.1.6 (/opt/ros/humble/share/rosidl_generator_c/cmake)
-- Found rosidl_adapter: 3.1.6 (/opt/ros/humble/share/rosidl_adapter/cmake)
-- Found rosidl_generator_cpp: 3.1.6 (/opt/ros/humble/share/rosidl_generator_cpp/cmake)
-- Using all available rosidl_typesupport_c: rosidl_typesupport_fastrtps_c;rosidl_typesupport_introspection_c
-- Using all available rosidl_typesupport_cpp: rosidl_typesupport_fastrtps_cpp;rosidl_typesupport_introspection_cpp
-- Found rmw_implementation_cmake: 6.1.2 (/opt/ros/humble/share/rmw_implementation_cmake/cmake)
-- Found rmw_fastrtps_cpp: 6.2.7 (/opt/ros/humble/share/rmw_fastrtps_cpp/cmake)
-- Using RMW implementation 'rmw_fastrtps_cpp' as default
-- Found rclcpp_lifecycle: 16.0.12 (/opt/ros/humble/share/rclcpp_lifecycle/cmake)
-- Found hardware_interface: 2.51.0 (/opt/ros/humble/share/hardware_interface/cmake)
-- Configuring done
-- Generating done
-- Build files have been written to: /home/arham/mecanum_drive_2/build/robot_hardware_interface
[ 50%] [32mBuilding CXX object CMakeFiles/robot_hardware_interface.dir/src/robot_hardware_interface.cpp.o[0m
[100%] [32m[1mLinking CXX shared library librobot_hardware_interface.so[0m
[100%] Built target robot_hardware_interface
-- Install configuration: ""
-- Installing: /home/arham/mecanum_drive_2/install/robot_hardware_interface/share/robot_hardware_interface/robot_hardware_interface.xml
-- Installing: /home/arham/mecanum_drive_2/install/robot_hardware_interface/lib/librobot_hardware_interface.so
-- Set runtime path of "/home/arham/mecanum_drive_2/install/robot_hardware_interface/lib/librobot_hardware_interface.so" to ""
-- Installing: /home/arham/mecanum_drive_2/install/robot_hardware_interface/include
-- Installing: /home/arham/mecanum_drive_2/install/robot_hardware_interface/include/robot_hardware_interface
-- Installing: /home/arham/mecanum_drive_2/install/robot_hardware_interface/include/robot_hardware_interface/robot_hardware_interface.hpp
-- Up-to-date: /home/arham/mecanum_drive_2/install/robot_hardware_interface/share/robot_hardware_interface/robot_hardware_interface.xml
-- Installing: /home/arham/mecanum_drive_2/install/robot_hardware_interface/share/robot_hardware_interface/environment/library_path.sh
-- Installing: /home/arham/mecanum_drive_2/install/robot_hardware_interface/share/robot_hardware_interface/environment/library_path.dsv
-- Installing: /home/arham/mecanum_drive_2/install/robot_hardware_interface/share/ament_index/resource_index/package_run_dependencies/robot_hardware_interface
-- Installing: /home/arham/mecanum_drive_2/install/robot_hardware_interface/share/ament_index/resource_index/parent_prefix_path/robot_hardware_interface
-- Installing: /home/arham/mecanum_drive_2/install/robot_hardware_interface/share/robot_hardware_interface/environment/ament_prefix_path.sh
-- Installing: /home/arham/mecanum_drive_2/install/robot_hardware_interface/share/robot_hardware_interface/environment/ament_prefix_path.dsv
-- Installing: /home/arham/mecanum_drive_2/install/robot_hardware_interface/share/robot_hardware_interface/environment/path.sh
-- Installing: /home/arham/mecanum_drive_2/install/robot_hardware_interface/share/robot_hardware_interface/environment/path.dsv
-- Installing: /home/arham/mecanum_drive_2/install/robot_hardware_interface/share/robot_hardware_interface/local_setup.bash
-- Installing: /home/arham/mecanum_drive_2/install/robot_hardware_interface/share/robot_hardware_interface/local_setup.sh
-- Installing: /home/arham/mecanum_drive_2/install/robot_hardware_interface/share/robot_hardware_interface/local_setup.zsh
-- Installing: /home/arham/mecanum_drive_2/install/robot_hardware_interface/share/robot_hardware_interface/local_setup.dsv
-- Installing: /home/arham/mecanum_drive_2/install/robot_hardware_interface/share/robot_hardware_interface/package.dsv
-- Installing: /home/arham/mecanum_drive_2/install/robot_hardware_interface/share/ament_index/resource_index/packages/robot_hardware_interface
-- Installing: /home/arham/mecanum_drive_2/install/robot_hardware_interface/share/ament_index/resource_index/hardware_interface__pluginlib__plugin/robot_hardware_interface
-- Installing: /home/arham/mecanum_drive_2/install/robot_hardware_interface/share/robot_hardware_interface/cmake/ament_cmake_export_include_directories-extras.cmake
-- Installing: /home/arham/mecanum_drive_2/install/robot_hardware_interface/share/robot_hardware_interface/cmake/ament_cmake_export_libraries-extras.cmake
-- Installing: /home/arham/mecanum_drive_2/install/robot_hardware_interface/share/robot_hardware_interface/cmake/ament_cmake_export_dependencies-extras.cmake
-- Installing: /home/arham/mecanum_drive_2/install/robot_hardware_interface/share/robot_hardware_interface/cmake/robot_hardware_interfaceConfig.cmake
-- Installing: /home/arham/mecanum_drive_2/install/robot_hardware_interface/share/robot_hardware_interface/cmake/robot_hardware_interfaceConfig-version.cmake
-- Installing: /home/arham/mecanum_drive_2/install/robot_hardware_interface/share/robot_hardware_interface/package.xml
