-- Install configuration: ""
-- Up-to-date: /home/arham/mecanum_drive_2/install/mecanum_drive/share/mecanum_drive/config
-- Up-to-date: /home/arham/mecanum_drive_2/install/mecanum_drive/share/mecanum_drive/config/mecanum_controllers.yaml
-- Up-to-date: /home/arham/mecanum_drive_2/install/mecanum_drive/share/mecanum_drive/config/empty.yaml
-- Up-to-date: /home/arham/mecanum_drive_2/install/mecanum_drive/share/mecanum_drive/description
-- Installing: /home/arham/mecanum_drive_2/install/mecanum_drive/share/mecanum_drive/description/robot_core.xacro
-- Up-to-date: /home/arham/mecanum_drive_2/install/mecanum_drive/share/mecanum_drive/description/ros2_control.xacro
-- Up-to-date: /home/arham/mecanum_drive_2/install/mecanum_drive/share/mecanum_drive/description/robot.urdf.xacro
-- Up-to-date: /home/arham/mecanum_drive_2/install/mecanum_drive/share/mecanum_drive/launch
-- Up-to-date: /home/arham/mecanum_drive_2/install/mecanum_drive/share/mecanum_drive/launch/launch_sim.launch.py
-- Up-to-date: /home/arham/mecanum_drive_2/install/mecanum_drive/share/mecanum_drive/launch/rsp.launch.py
-- Up-to-date: /home/arham/mecanum_drive_2/install/mecanum_drive/share/mecanum_drive/worlds
-- Up-to-date: /home/arham/mecanum_drive_2/install/mecanum_drive/share/mecanum_drive/worlds/empty.world
-- Up-to-date: /home/arham/mecanum_drive_2/install/mecanum_drive/share/mecanum_drive/meshes
-- Up-to-date: /home/arham/mecanum_drive_2/install/mecanum_drive/share/mecanum_drive/meshes/lidar.STL
-- Up-to-date: /home/arham/mecanum_drive_2/install/mecanum_drive/share/mecanum_drive/meshes/plate.STL
-- Up-to-date: /home/arham/mecanum_drive_2/install/mecanum_drive/share/mecanum_drive/meshes/tyre.STL
-- Up-to-date: /home/arham/mecanum_drive_2/install/mecanum_drive/share/mecanum_drive/meshes/chesi.STL
-- Up-to-date: /home/arham/mecanum_drive_2/install/mecanum_drive/share/ament_index/resource_index/package_run_dependencies/mecanum_drive
-- Up-to-date: /home/arham/mecanum_drive_2/install/mecanum_drive/share/ament_index/resource_index/parent_prefix_path/mecanum_drive
-- Up-to-date: /home/arham/mecanum_drive_2/install/mecanum_drive/share/mecanum_drive/environment/ament_prefix_path.sh
-- Up-to-date: /home/arham/mecanum_drive_2/install/mecanum_drive/share/mecanum_drive/environment/ament_prefix_path.dsv
-- Up-to-date: /home/arham/mecanum_drive_2/install/mecanum_drive/share/mecanum_drive/environment/path.sh
-- Up-to-date: /home/arham/mecanum_drive_2/install/mecanum_drive/share/mecanum_drive/environment/path.dsv
-- Up-to-date: /home/arham/mecanum_drive_2/install/mecanum_drive/share/mecanum_drive/local_setup.bash
-- Up-to-date: /home/arham/mecanum_drive_2/install/mecanum_drive/share/mecanum_drive/local_setup.sh
-- Up-to-date: /home/arham/mecanum_drive_2/install/mecanum_drive/share/mecanum_drive/local_setup.zsh
-- Up-to-date: /home/arham/mecanum_drive_2/install/mecanum_drive/share/mecanum_drive/local_setup.dsv
-- Installing: /home/arham/mecanum_drive_2/install/mecanum_drive/share/mecanum_drive/package.dsv
-- Up-to-date: /home/arham/mecanum_drive_2/install/mecanum_drive/share/ament_index/resource_index/packages/mecanum_drive
-- Up-to-date: /home/arham/mecanum_drive_2/install/mecanum_drive/share/mecanum_drive/cmake/mecanum_driveConfig.cmake
-- Up-to-date: /home/arham/mecanum_drive_2/install/mecanum_drive/share/mecanum_drive/cmake/mecanum_driveConfig-version.cmake
-- Up-to-date: /home/arham/mecanum_drive_2/install/mecanum_drive/share/mecanum_drive/package.xml
