[0.008s] Invoking command in '/home/arham/mecanum_drive_2/build/mecanum_drive': CMAKE_PREFIX_PATH=${CMAKE_PREFIX_PATH}:/opt/ros/humble /usr/bin/cmake /home/arham/mecanum_drive_2/src/mecanum_drive -DCMAKE_INSTALL_PREFIX=/home/arham/mecanum_drive_2/install/mecanum_drive
[0.047s] -- The C compiler identification is GNU 11.4.0
[0.083s] -- The CXX compiler identification is GNU 11.4.0
[0.087s] -- Detecting C compiler ABI info
[0.130s] -- Detecting C compiler ABI info - done
[0.134s] -- Check for working C compiler: /usr/bin/cc - skipped
[0.135s] -- Detecting C compile features
[0.135s] -- Detecting C compile features - done
[0.137s] -- Detecting CXX compiler ABI info
[0.187s] -- Detecting CXX compiler ABI info - done
[0.192s] -- Check for working CXX compiler: /usr/bin/c++ - skipped
[0.192s] -- Detecting CXX compile features
[0.193s] -- Detecting CXX compile features - done
[0.194s] -- Found ament_cmake: 1.3.11 (/opt/ros/humble/share/ament_cmake/cmake)
[0.295s] -- Found Python3: /usr/bin/python3 (found version "3.10.12") found components: Interpreter 
[0.358s] -- Found ament_lint_auto: 0.12.12 (/opt/ros/humble/share/ament_lint_auto/cmake)
[0.416s] -- Added test 'copyright' to check source files copyright and LICENSE
[0.422s] -- Added test 'flake8' to check Python code syntax and style conventions
[0.423s] -- Added test 'lint_cmake' to check CMake code style
[0.424s] -- Added test 'pep257' to check Python code against some of the docstring style conventions in PEP 257
[0.427s] -- Added test 'xmllint' to check XML markup files
[0.428s] -- Configuring done
[0.429s] -- Generating done
[0.430s] -- Build files have been written to: /home/arham/mecanum_drive_2/build/mecanum_drive
[0.433s] Invoked command in '/home/arham/mecanum_drive_2/build/mecanum_drive' returned '0': CMAKE_PREFIX_PATH=${CMAKE_PREFIX_PATH}:/opt/ros/humble /usr/bin/cmake /home/arham/mecanum_drive_2/src/mecanum_drive -DCMAKE_INSTALL_PREFIX=/home/arham/mecanum_drive_2/install/mecanum_drive
[0.434s] Invoking command in '/home/arham/mecanum_drive_2/build/mecanum_drive': CMAKE_PREFIX_PATH=${CMAKE_PREFIX_PATH}:/opt/ros/humble /usr/bin/cmake --build /home/arham/mecanum_drive_2/build/mecanum_drive -- -j8 -l8
[0.457s] Invoked command in '/home/arham/mecanum_drive_2/build/mecanum_drive' returned '0': CMAKE_PREFIX_PATH=${CMAKE_PREFIX_PATH}:/opt/ros/humble /usr/bin/cmake --build /home/arham/mecanum_drive_2/build/mecanum_drive -- -j8 -l8
[0.463s] Invoking command in '/home/arham/mecanum_drive_2/build/mecanum_drive': CMAKE_PREFIX_PATH=${CMAKE_PREFIX_PATH}:/opt/ros/humble /usr/bin/cmake --install /home/arham/mecanum_drive_2/build/mecanum_drive
[0.468s] -- Install configuration: ""
[0.468s] -- Installing: /home/arham/mecanum_drive_2/install/mecanum_drive/share/mecanum_drive/config
[0.468s] -- Installing: /home/arham/mecanum_drive_2/install/mecanum_drive/share/mecanum_drive/config/mecanum_controllers.yaml
[0.468s] -- Installing: /home/arham/mecanum_drive_2/install/mecanum_drive/share/mecanum_drive/config/empty.yaml
[0.468s] -- Installing: /home/arham/mecanum_drive_2/install/mecanum_drive/share/mecanum_drive/description
[0.468s] -- Installing: /home/arham/mecanum_drive_2/install/mecanum_drive/share/mecanum_drive/description/robot_core.xacro
[0.468s] -- Installing: /home/arham/mecanum_drive_2/install/mecanum_drive/share/mecanum_drive/description/ros2_control.xacro
[0.468s] -- Installing: /home/arham/mecanum_drive_2/install/mecanum_drive/share/mecanum_drive/description/robot.urdf.xacro
[0.468s] -- Installing: /home/arham/mecanum_drive_2/install/mecanum_drive/share/mecanum_drive/launch
[0.468s] -- Installing: /home/arham/mecanum_drive_2/install/mecanum_drive/share/mecanum_drive/launch/launch_sim.launch.py
[0.468s] -- Installing: /home/arham/mecanum_drive_2/install/mecanum_drive/share/mecanum_drive/launch/rsp.launch.py
[0.468s] -- Installing: /home/arham/mecanum_drive_2/install/mecanum_drive/share/mecanum_drive/worlds
[0.468s] -- Installing: /home/arham/mecanum_drive_2/install/mecanum_drive/share/mecanum_drive/worlds/empty.world
[0.469s] -- Installing: /home/arham/mecanum_drive_2/install/mecanum_drive/share/mecanum_drive/meshes
[0.469s] -- Installing: /home/arham/mecanum_drive_2/install/mecanum_drive/share/mecanum_drive/meshes/lidar.STL
[0.469s] -- Installing: /home/arham/mecanum_drive_2/install/mecanum_drive/share/mecanum_drive/meshes/plate.STL
[0.469s] -- Installing: /home/arham/mecanum_drive_2/install/mecanum_drive/share/mecanum_drive/meshes/tyre.STL
[0.471s] -- Installing: /home/arham/mecanum_drive_2/install/mecanum_drive/share/mecanum_drive/meshes/chesi.STL
[0.471s] -- Installing: /home/arham/mecanum_drive_2/install/mecanum_drive/share/ament_index/resource_index/package_run_dependencies/mecanum_drive
[0.471s] -- Installing: /home/arham/mecanum_drive_2/install/mecanum_drive/share/ament_index/resource_index/parent_prefix_path/mecanum_drive
[0.471s] -- Installing: /home/arham/mecanum_drive_2/install/mecanum_drive/share/mecanum_drive/environment/ament_prefix_path.sh
[0.471s] -- Installing: /home/arham/mecanum_drive_2/install/mecanum_drive/share/mecanum_drive/environment/ament_prefix_path.dsv
[0.471s] -- Installing: /home/arham/mecanum_drive_2/install/mecanum_drive/share/mecanum_drive/environment/path.sh
[0.471s] -- Installing: /home/arham/mecanum_drive_2/install/mecanum_drive/share/mecanum_drive/environment/path.dsv
[0.471s] -- Installing: /home/arham/mecanum_drive_2/install/mecanum_drive/share/mecanum_drive/local_setup.bash
[0.471s] -- Installing: /home/arham/mecanum_drive_2/install/mecanum_drive/share/mecanum_drive/local_setup.sh
[0.471s] -- Installing: /home/arham/mecanum_drive_2/install/mecanum_drive/share/mecanum_drive/local_setup.zsh
[0.471s] -- Installing: /home/arham/mecanum_drive_2/install/mecanum_drive/share/mecanum_drive/local_setup.dsv
[0.471s] -- Installing: /home/arham/mecanum_drive_2/install/mecanum_drive/share/mecanum_drive/package.dsv
[0.471s] -- Installing: /home/arham/mecanum_drive_2/install/mecanum_drive/share/ament_index/resource_index/packages/mecanum_drive
[0.472s] -- Installing: /home/arham/mecanum_drive_2/install/mecanum_drive/share/mecanum_drive/cmake/mecanum_driveConfig.cmake
[0.472s] -- Installing: /home/arham/mecanum_drive_2/install/mecanum_drive/share/mecanum_drive/cmake/mecanum_driveConfig-version.cmake
[0.472s] -- Installing: /home/arham/mecanum_drive_2/install/mecanum_drive/share/mecanum_drive/package.xml
[0.473s] Invoked command in '/home/arham/mecanum_drive_2/build/mecanum_drive' returned '0': CMAKE_PREFIX_PATH=${CMAKE_PREFIX_PATH}:/opt/ros/humble /usr/bin/cmake --install /home/arham/mecanum_drive_2/build/mecanum_drive
