[0.006s] Invoking command in '/home/arham/mecanum_drive_2/build/robot_hardware_interface': CMAKE_PREFIX_PATH=${CMAKE_PREFIX_PATH}:/opt/ros/humble /usr/bin/cmake /home/arham/mecanum_drive_2/src/robot_hardware_interface -DCMAKE_INSTALL_PREFIX=/home/arham/mecanum_drive_2/install/robot_hardware_interface
[0.014s] -- Found ament_cmake: 1.3.11 (/opt/ros/humble/share/ament_cmake/cmake)
[0.093s] -- Override CMake install command with custom implementation using symlinks instead of copying resources
[0.097s] -- Found rclcpp: 16.0.12 (/opt/ros/humble/share/rclcpp/cmake)
[0.117s] -- Found rosidl_generator_c: 3.1.6 (/opt/ros/humble/share/rosidl_generator_c/cmake)
[0.119s] -- Found rosidl_adapter: 3.1.6 (/opt/ros/humble/share/rosidl_adapter/cmake)
[0.123s] -- Found rosidl_generator_cpp: 3.1.6 (/opt/ros/humble/share/rosidl_generator_cpp/cmake)
[0.129s] -- Using all available rosidl_typesupport_c: rosidl_typesupport_fastrtps_c;rosidl_typesupport_introspection_c
[0.138s] -- Using all available rosidl_typesupport_cpp: rosidl_typesupport_fastrtps_cpp;rosidl_typesupport_introspection_cpp
[0.158s] -- Found rmw_implementation_cmake: 6.1.2 (/opt/ros/humble/share/rmw_implementation_cmake/cmake)
[0.160s] -- Found rmw_fastrtps_cpp: 6.2.7 (/opt/ros/humble/share/rmw_fastrtps_cpp/cmake)
[0.231s] -- Using RMW implementation 'rmw_fastrtps_cpp' as default
[0.262s] -- Found rclcpp_lifecycle: 16.0.12 (/opt/ros/humble/share/rclcpp_lifecycle/cmake)
[0.272s] -- Found hardware_interface: 2.51.0 (/opt/ros/humble/share/hardware_interface/cmake)
[0.393s] -- Configuring done
[0.407s] -- Generating done
[0.410s] -- Build files have been written to: /home/arham/mecanum_drive_2/build/robot_hardware_interface
[0.416s] Invoked command in '/home/arham/mecanum_drive_2/build/robot_hardware_interface' returned '0': CMAKE_PREFIX_PATH=${CMAKE_PREFIX_PATH}:/opt/ros/humble /usr/bin/cmake /home/arham/mecanum_drive_2/src/robot_hardware_interface -DCMAKE_INSTALL_PREFIX=/home/arham/mecanum_drive_2/install/robot_hardware_interface
[0.417s] Invoking command in '/home/arham/mecanum_drive_2/build/robot_hardware_interface': CMAKE_PREFIX_PATH=${CMAKE_PREFIX_PATH}:/opt/ros/humble /usr/bin/cmake --build /home/arham/mecanum_drive_2/build/robot_hardware_interface -- -j8 -l8
[0.443s] [35m[1mConsolidate compiler generated dependencies of target robot_hardware_interface[0m
[0.453s] [100%] Built target robot_hardware_interface
[0.459s] Invoked command in '/home/arham/mecanum_drive_2/build/robot_hardware_interface' returned '0': CMAKE_PREFIX_PATH=${CMAKE_PREFIX_PATH}:/opt/ros/humble /usr/bin/cmake --build /home/arham/mecanum_drive_2/build/robot_hardware_interface -- -j8 -l8
[0.460s] Invoking command in '/home/arham/mecanum_drive_2/build/robot_hardware_interface': CMAKE_PREFIX_PATH=${CMAKE_PREFIX_PATH}:/opt/ros/humble /usr/bin/cmake --install /home/arham/mecanum_drive_2/build/robot_hardware_interface
[0.465s] -- Install configuration: ""
[0.465s] -- Execute custom install script
[0.465s] -- Up-to-date symlink: /home/arham/mecanum_drive_2/install/robot_hardware_interface/share/robot_hardware_interface//robot_hardware_interface.xml
[0.465s] -- Up-to-date symlink: /home/arham/mecanum_drive_2/install/robot_hardware_interface/lib/librobot_hardware_interface.so
[0.465s] -- Up-to-date symlink: /home/arham/mecanum_drive_2/install/robot_hardware_interface/include/robot_hardware_interface/robot_hardware_interface.hpp
[0.466s] -- Up-to-date symlink: /home/arham/mecanum_drive_2/install/robot_hardware_interface/share/robot_hardware_interface/robot_hardware_interface.xml
[0.466s] -- Up-to-date symlink: /home/arham/mecanum_drive_2/install/robot_hardware_interface/share/robot_hardware_interface/environment/library_path.sh
[0.466s] -- Up-to-date symlink: /home/arham/mecanum_drive_2/install/robot_hardware_interface/share/robot_hardware_interface/environment/library_path.dsv
[0.466s] -- Up-to-date symlink: /home/arham/mecanum_drive_2/install/robot_hardware_interface/share/ament_index/resource_index/package_run_dependencies/robot_hardware_interface
[0.466s] -- Up-to-date symlink: /home/arham/mecanum_drive_2/install/robot_hardware_interface/share/ament_index/resource_index/parent_prefix_path/robot_hardware_interface
[0.466s] -- Up-to-date symlink: /home/arham/mecanum_drive_2/install/robot_hardware_interface/share/robot_hardware_interface/environment/ament_prefix_path.sh
[0.466s] -- Up-to-date symlink: /home/arham/mecanum_drive_2/install/robot_hardware_interface/share/robot_hardware_interface/environment/ament_prefix_path.dsv
[0.466s] -- Up-to-date symlink: /home/arham/mecanum_drive_2/install/robot_hardware_interface/share/robot_hardware_interface/environment/path.sh
[0.466s] -- Up-to-date symlink: /home/arham/mecanum_drive_2/install/robot_hardware_interface/share/robot_hardware_interface/environment/path.dsv
[0.466s] -- Up-to-date symlink: /home/arham/mecanum_drive_2/install/robot_hardware_interface/share/robot_hardware_interface/local_setup.bash
[0.466s] -- Up-to-date symlink: /home/arham/mecanum_drive_2/install/robot_hardware_interface/share/robot_hardware_interface/local_setup.sh
[0.467s] -- Up-to-date symlink: /home/arham/mecanum_drive_2/install/robot_hardware_interface/share/robot_hardware_interface/local_setup.zsh
[0.467s] -- Up-to-date symlink: /home/arham/mecanum_drive_2/install/robot_hardware_interface/share/robot_hardware_interface/local_setup.dsv
[0.467s] -- Symlinking: /home/arham/mecanum_drive_2/install/robot_hardware_interface/share/robot_hardware_interface/package.dsv
[0.472s] -- Up-to-date symlink: /home/arham/mecanum_drive_2/install/robot_hardware_interface/share/ament_index/resource_index/packages/robot_hardware_interface
[0.472s] -- Up-to-date symlink: /home/arham/mecanum_drive_2/install/robot_hardware_interface/share/ament_index/resource_index/hardware_interface__pluginlib__plugin/robot_hardware_interface
[0.472s] -- Up-to-date symlink: /home/arham/mecanum_drive_2/install/robot_hardware_interface/share/robot_hardware_interface/cmake/ament_cmake_export_include_directories-extras.cmake
[0.472s] -- Up-to-date symlink: /home/arham/mecanum_drive_2/install/robot_hardware_interface/share/robot_hardware_interface/cmake/ament_cmake_export_libraries-extras.cmake
[0.472s] -- Up-to-date symlink: /home/arham/mecanum_drive_2/install/robot_hardware_interface/share/robot_hardware_interface/cmake/ament_cmake_export_dependencies-extras.cmake
[0.472s] -- Up-to-date symlink: /home/arham/mecanum_drive_2/install/robot_hardware_interface/share/robot_hardware_interface/cmake/robot_hardware_interfaceConfig.cmake
[0.473s] -- Up-to-date symlink: /home/arham/mecanum_drive_2/install/robot_hardware_interface/share/robot_hardware_interface/cmake/robot_hardware_interfaceConfig-version.cmake
[0.473s] -- Up-to-date symlink: /home/arham/mecanum_drive_2/install/robot_hardware_interface/share/robot_hardware_interface/package.xml
[0.474s] Invoked command in '/home/arham/mecanum_drive_2/build/robot_hardware_interface' returned '0': CMAKE_PREFIX_PATH=${CMAKE_PREFIX_PATH}:/opt/ros/humble /usr/bin/cmake --install /home/arham/mecanum_drive_2/build/robot_hardware_interface
